
Mar 19, 2017 21:47:37.76 NEW SESSION
Mar 19, 2017 21:47:37.76 [848:5824:0319/214737.758:ERROR:ssl_client_socket_impl.cc(1101)] handshake failed; returned -1, SSL error code 1, net_error -107
Mar 19, 2017 21:47:37.76 [848:5824:0319/214737.759:ERROR:ssl_client_socket_impl.cc(1101)] handshake failed; returned -1, SSL error code 1, net_error -107
Mar 19, 2017 21:47:39.01 [848:5824:0319/214739.014:ERROR:ssl_client_socket_impl.cc(1101)] handshake failed; returned -1, SSL error code 1, net_error -107
Mar 19, 2017 21:47:39.02 [848:5824:0319/214739.017:ERROR:ssl_client_socket_impl.cc(1101)] handshake failed; returned -1, SSL error code 1, net_error -107
Mar 19, 2017 21:47:40.16 [848:5824:0319/214740.163:ERROR:ssl_client_socket_impl.cc(1101)] handshake failed; returned -1, SSL error code 1, net_error -107
Mar 19, 2017 21:49:53.64 [848:5824:0319/214953.645:ERROR:ssl_client_socket_impl.cc(1101)] handshake failed; returned -1, SSL error code 1, net_error -101
Mar 19, 2017 21:50:18.63 [848:5824:0319/215018.639:ERROR:ssl_client_socket_impl.cc(1101)] handshake failed; returned -1, SSL error code 1, net_error -101
Mar 19, 2017 21:50:29.00 [848:5824:0319/215029.000:ERROR:ssl_client_socket_impl.cc(1101)] handshake failed; returned -1, SSL error code 1, net_error -101
Mar 19, 2017 21:50:57.78 [848:5824:0319/215057.780:ERROR:ssl_client_socket_impl.cc(1101)] handshake failed; returned -1, SSL error code 1, net_error -107
Mar 19, 2017 21:51:14.04 [848:5196:0319/215114.049:ERROR:CONSOLE(0)] "XMLHttpRequest cannot load https://play.google.com/log?format=json. The 'Access-Control-Allow-Origin' header contains multiple values 'https://notifications.google.com, *', but only one is allowed. Origin 'https://notifications.google.com' is therefore not allowed access.", source: https://notifications.google.com/u/0/widget?sourceid=243&hl=en&origin=https%3A%2F%2Fwww.google.com&usegapi=1&jsh=m%3B%2F_%2Fscs%2Fabc-static%2F_%2Fjs%2Fk%3Dgapi.gapi.en.DTPeBB_SvOA.O%2Fm%3D__features__%2Frt%3Dj%2Fd%3D1%2Frs%3DAHpOoo-J3J0yqNDMPVrmQT6j-SBFfGx8oA#pid=243&_methods=onError%2ConInfo%2ChideNotificationWidget%2CpostSharedMessage%2Creauth%2CsetNotificationWidgetHeight%2CsetNotificationWidgetSize%2CswitchTo%2CnavigateTo%2CsetNotificationText%2CsetNotificationAnimation%2CgetNotificationText%2CvalidateUser%2C_ready&id=I0_1489978273245&parent=https%3A%2F%2Fwww.google.com&pfname=&rpctoken=23822016 (0)
Mar 19, 2017 22:00:14.01 A Parser-blocking, cross-origin script, http://www.bbc.co.uk/wwscripts/flag, is invoked via document.write. This may be blocked by the browser if the device has poor network connectivity. See https://www.chromestatus.com/feature/5718547946799104 for more details.
Mar 19, 2017 22:00:14.02 A Parser-blocking, cross-origin script, http://www.bbc.co.uk/wwscripts/flag, is invoked via document.write. This may be blocked by the browser if the device has poor network connectivity. See https://www.chromestatus.com/feature/5718547946799104 for more details.
Mar 19, 2017 22:00:14.02 A Parser-blocking, cross-origin script, http://static.bbci.co.uk/bbcdotcom/1.46.0/script/dist/bbcdotcom.js, is invoked via document.write. This may be blocked by the browser if the device has poor network connectivity. See https://www.chromestatus.com/feature/5718547946799104 for more details.
Mar 19, 2017 22:00:14.03 A Parser-blocking, cross-origin script, http://static.bbci.co.uk/bbcdotcom/1.46.0/script/dist/bbcdotcom.js, is invoked via document.write. This may be blocked by the browser if the device has poor network connectivity. See https://www.chromestatus.com/feature/5718547946799104 for more details.
Mar 19, 2017 22:00:14.04 A Parser-blocking, cross-origin script, http://www.bbc.co.uk/wwscripts/flag, is invoked via document.write. This may be blocked by the browser if the device has poor network connectivity. See https://www.chromestatus.com/feature/5718547946799104 for more details.
Mar 19, 2017 22:00:14.05 A Parser-blocking, cross-origin script, http://www.bbc.co.uk/wwscripts/flag, is invoked via document.write. This may be blocked by the browser if the device has poor network connectivity. See https://www.chromestatus.com/feature/5718547946799104 for more details.
Mar 19, 2017 22:00:14.06 A Parser-blocking, cross-origin script, http://static.bbci.co.uk/bbcdotcom/1.46.0/script/dist/bbcdotcom.js, is invoked via document.write. This may be blocked by the browser if the device has poor network connectivity. See https://www.chromestatus.com/feature/5718547946799104 for more details.
Mar 19, 2017 22:00:14.07 A Parser-blocking, cross-origin script, http://static.bbci.co.uk/bbcdotcom/1.46.0/script/dist/bbcdotcom.js, is invoked via document.write. This may be blocked by the browser if the device has poor network connectivity. See https://www.chromestatus.com/feature/5718547946799104 for more details.
Mar 19, 2017 22:00:14.08 A Parser-blocking, cross-origin script, http://www.bbc.co.uk/wwscripts/flag, is invoked via document.write. This may be blocked by the browser if the device has poor network connectivity. See https://www.chromestatus.com/feature/5718547946799104 for more details.
Mar 19, 2017 22:00:14.09 A Parser-blocking, cross-origin script, http://www.bbc.co.uk/wwscripts/flag, is invoked via document.write. This may be blocked by the browser if the device has poor network connectivity. See https://www.chromestatus.com/feature/5718547946799104 for more details.
Mar 19, 2017 22:00:14.10 A Parser-blocking, cross-origin script, http://static.bbci.co.uk/bbcdotcom/1.46.0/script/dist/bbcdotcom.js, is invoked via document.write. This may be blocked by the browser if the device has poor network connectivity. See https://www.chromestatus.com/feature/5718547946799104 for more details.
Mar 19, 2017 22:00:14.11 A Parser-blocking, cross-origin script, http://static.bbci.co.uk/bbcdotcom/1.46.0/script/dist/bbcdotcom.js, is invoked via document.write. This may be blocked by the browser if the device has poor network connectivity. See https://www.chromestatus.com/feature/5718547946799104 for more details.
Mar 19, 2017 22:00:14.12 A Parser-blocking, cross-origin script, http://www.bbc.co.uk/wwscripts/flag, is invoked via document.write. This may be blocked by the browser if the device has poor network connectivity. See https://www.chromestatus.com/feature/5718547946799104 for more details.
Mar 19, 2017 22:00:14.12 A Parser-blocking, cross-origin script, http://www.bbc.co.uk/wwscripts/flag, is invoked via document.write. This may be blocked by the browser if the device has poor network connectivity. See https://www.chromestatus.com/feature/5718547946799104 for more details.
Mar 19, 2017 22:05:51.82 A Parser-blocking, cross-origin script, http://static.bbci.co.uk/bbcdotcom/1.46.0/script/dist/bbcdotcom.js, is invoked via document.write. This may be blocked by the browser if the device has poor network connectiv[848:5824:0319/220551.821:ERROR:ssl_client_socket_impl.cc(1101)] handshake failed; returned -1, SSL error code 1, net_error -107
Mar 19, 2017 22:05:51.85 [848:5824:0319/220551.829:ERROR:ssl_client_socket_impl.cc(1101)] handshake failed; returned -1, SSL error code 1, net_error -107
Mar 19, 2017 22:05:51.99 [848:5824:0319/220551.994:ERROR:ssl_client_socket_impl.cc(1101)] handshake failed; returned -1, SSL error code 1, net_error -107
Mar 19, 2017 22:05:52.00 [848:5824:0319/220551.996:ERROR:ssl_client_socket_impl.cc(1101)] handshake failed; returned -1, SSL error code 1, net_error -107
Mar 19, 2017 22:05:52.02 [848:5824:0319/220552.019:ERROR:ssl_client_socket_impl.cc(1101)] handshake failed; returned -1, SSL error code 1, net_error -107
Mar 19, 2017 22:06:47.41 [848:5824:0319/220647.412:ERROR:ssl_client_socket_impl.cc(1101)] handshake failed; returned -1, SSL error code 1, net_error -107
Mar 19, 2017 22:06:47.42 [848:5824:0319/220647.413:ERROR:ssl_client_socket_impl.cc(1101)] handshake failed; returned -1, SSL error code 1, net_error -107
Mar 19, 2017 22:06:47.53 [848:5824:0319/220647.533:ERROR:ssl_client_socket_impl.cc(1101)] handshake failed; returned -1, SSL error code 1, net_error -107
Mar 19, 2017 22:06:47.55 [848:5824:0319/220647.534:ERROR:ssl_client_socket_impl.cc(1101)] handshake failed; returned -1, SSL error code 1, net_error -107
Mar 19, 2017 22:06:47.67 [848:5824:0319/220647.667:ERROR:ssl_client_socket_impl.cc(1101)] handshake failed; returned -1, SSL error code 1, net_error -107
Mar 19, 2017 22:09:01.48 [848:5824:0319/220901.488:ERROR:ssl_client_socket_impl.cc(1101)] handshake failed; returned -1, SSL error code 1, net_error -107
Mar 19, 2017 22:09:01.50 [848:5824:0319/220901.488:ERROR:ssl_client_socket_impl.cc(1101)] handshake failed; returned -1, SSL error code 1, net_error -107
Mar 19, 2017 22:09:01.66 [848:5824:0319/220901.665:ERROR:ssl_client_socket_impl.cc(1101)] handshake failed; returned -1, SSL error code 1, net_error -107
Mar 19, 2017 22:09:01.68 [848:5824:0319/220901.684:ERROR:ssl_client_socket_impl.cc(1101)] handshake failed; returned -1, SSL error code 1, net_error -107
Mar 19, 2017 22:09:01.77 [848:5824:0319/220901.770:ERROR:ssl_client_socket_impl.cc(1101)] handshake failed; returned -1, SSL error code 1, net_error -107
Mar 19, 2017 22:11:16.94 [848:5824:0319/221116.949:ERROR:ssl_client_socket_impl.cc(1101)] handshake failed; returned -1, SSL error code 1, net_error -107
Mar 19, 2017 22:11:16.97 [848:5824:0319/221116.975:ERROR:ssl_client_socket_impl.cc(1101)] handshake failed; returned -1, SSL error code 1, net_error -107
Mar 19, 2017 22:11:27.54 [848:5824:0319/221127.545:ERROR:ssl_client_socket_impl.cc(1101)] handshake failed; returned -1, SSL error code 1, net_error -107
Mar 19, 2017 22:11:27.57 [848:5824:0319/221127.553:ERROR:ssl_client_socket_impl.cc(1101)] handshake failed; returned -1, SSL error code 1, net_error -107
Mar 19, 2017 22:11:27.66 [848:5824:0319/221127.660:ERROR:ssl_client_socket_impl.cc(1101)] handshake failed; returned -1, SSL error code 1, net_error -107
Mar 19, 2017 22:11:27.67 [848:5824:0319/221127.666:ERROR:ssl_client_socket_impl.cc(1101)] handshake failed; returned -1, SSL error code 1, net_error -107
Mar 19, 2017 22:11:27.69 [848:5824:0319/221127.695:ERROR:ssl_client_socket_impl.cc(1101)] handshake failed; returned -1, SSL error code 1, net_error -107
Mar 19, 2017 22:13:06.97 [848:5824:0319/221306.972:ERROR:ssl_client_socket_impl.cc(1101)] handshake failed; returned -1, SSL error code 1, net_error -107
Mar 19, 2017 22:13:06.99 [848:5824:0319/221306.997:ERROR:ssl_client_socket_impl.cc(1101)] handshake failed; returned -1, SSL error code 1, net_error -107
Mar 19, 2017 22:13:07.12 [848:5824:0319/221307.122:ERROR:ssl_client_socket_impl.cc(1101)] handshake failed; returned -1, SSL error code 1, net_error -107
Mar 19, 2017 22:13:07.14 [848:5824:0319/221307.122:ERROR:ssl_client_socket_impl.cc(1101)] handshake failed; returned -1, SSL error code 1, net_error -107
Mar 19, 2017 22:13:07.20 [848:5824:0319/221307.201:ERROR:ssl_client_socket_impl.cc(1101)] handshake failed; returned -1, SSL error code 1, net_error -107
Mar 19, 2017 22:13:19.91 [848:5824:0319/221319.913:ERROR:ssl_client_socket_impl.cc(1101)] handshake failed; returned -1, SSL error code 1, net_error -107
Mar 19, 2017 22:13:19.92 [848:5824:0319/221319.913:ERROR:ssl_client_socket_impl.cc(1101)] handshake failed; returned -1, SSL error code 1, net_error -107
Mar 19, 2017 22:13:20.00 [848:5824:0319/221320.002:ERROR:ssl_client_socket_impl.cc(1101)] handshake failed; returned -1, SSL error code 1, net_error -107
Mar 19, 2017 22:13:20.01 [848:5824:0319/221320.004:ERROR:ssl_client_socket_impl.cc(1101)] handshake failed; returned -1, SSL error code 1, net_error -107
Mar 19, 2017 22:13:20.02 [848:5824:0319/221320.008:ERROR:ssl_client_socket_impl.cc(1101)] handshake failed; returned -1, SSL error code 1, net_error -107
Mar 19, 2017 22:14:34.86 [848:5824:0319/221434.866:ERROR:ssl_client_socket_impl.cc(1101)] handshake failed; returned -1, SSL error code 1, net_error -107
Mar 19, 2017 22:14:34.88 [848:5824:0319/221434.883:ERROR:ssl_client_socket_impl.cc(1101)] handshake failed; returned -1, SSL error code 1, net_error -107
Mar 19, 2017 22:14:35.00 [848:5824:0319/221435.003:ERROR:ssl_client_socket_impl.cc(1101)] handshake failed; returned -1, SSL error code 1, net_error -107
Mar 19, 2017 22:14:35.01 [848:5824:0319/221435.005:ERROR:ssl_client_socket_impl.cc(1101)] handshake failed; returned -1, SSL error code 1, net_error -107
Mar 19, 2017 22:14:35.02 [848:5824:0319/221435.022:ERROR:ssl_client_socket_impl.cc(1101)] handshake failed; returned -1, SSL error code 1, net_error -107
Mar 19, 2017 22:18:39.28 [848:5824:0319/221839.279:ERROR:ssl_client_socket_impl.cc(1101)] handshake failed; returned -1, SSL error code 1, net_error -107
Mar 19, 2017 22:18:39.31 [848:5824:0319/221839.316:ERROR:ssl_client_socket_impl.cc(1101)] handshake failed; returned -1, SSL error code 1, net_error -107
Mar 19, 2017 22:18:39.40 [848:5824:0319/221839.401:ERROR:ssl_client_socket_impl.cc(1101)] handshake failed; returned -1, SSL error code 1, net_error -107
Mar 19, 2017 22:18:39.41 [848:5824:0319/221839.417:ERROR:ssl_client_socket_impl.cc(1101)] handshake failed; returned -1, SSL error code 1, net_error -107
Mar 19, 2017 22:18:39.43 [848:5824:0319/221839.435:ERROR:ssl_client_socket_impl.cc(1101)] handshake failed; returned -1, SSL error code 1, net_error -107
Mar 19, 2017 22:18:48.26 [848:5824:0319/221848.262:ERROR:ssl_client_socket_impl.cc(1101)] handshake failed; returned -1, SSL error code 1, net_error -107
Mar 19, 2017 22:18:48.27 [848:5824:0319/221848.264:ERROR:ssl_client_socket_impl.cc(1101)] handshake failed; returned -1, SSL error code 1, net_error -107
Mar 19, 2017 22:18:48.35 [848:5824:0319/221848.353:ERROR:ssl_client_socket_impl.cc(1101)] handshake failed; returned -1, SSL error code 1, net_error -107
Mar 19, 2017 22:18:48.36 [848:5824:0319/221848.355:ERROR:ssl_client_socket_impl.cc(1101)] handshake failed; returned -1, SSL error code 1, net_error -107
Mar 19, 2017 22:18:48.36 [848:5824:0319/221848.359:ERROR:ssl_client_socket_impl.cc(1101)] handshake failed; returned -1, SSL error code 1, net_error -107
Mar 19, 2017 22:29:20.01 [848:5824:0319/222920.010:ERROR:ssl_client_socket_impl.cc(1101)] handshake failed; returned -1, SSL error code 1, net_error -107
Mar 19, 2017 22:29:20.03 [848:5824:0319/222920.011:ERROR:ssl_client_socket_impl.cc(1101)] handshake failed; returned -1, SSL error code 1, net_error -107
Mar 19, 2017 22:29:20.84 [848:5824:0319/222920.848:ERROR:ssl_client_socket_impl.cc(1101)] handshake failed; returned -1, SSL error code 1, net_error -107
Mar 19, 2017 22:29:20.88 [848:5824:0319/222920.849:ERROR:ssl_client_socket_impl.cc(1101)] handshake failed; returned -1, SSL error code 1, net_error -107
Mar 19, 2017 22:29:20.89 [848:5824:0319/222920.859:ERROR:ssl_client_socket_impl.cc(1101)] handshake failed; returned -1, SSL error code 1, net_error -107
Mar 19, 2017 22:29:30.72 [848:5824:0319/222930.726:ERROR:ssl_client_socket_impl.cc(1101)] handshake failed; returned -1, SSL error code 1, net_error -107
Mar 19, 2017 22:29:30.79 [848:5824:0319/222930.726:ERROR:ssl_client_socket_impl.cc(1101)] handshake failed; returned -1, SSL error code 1, net_error -107
Mar 19, 2017 22:29:30.84 [848:5824:0319/222930.847:ERROR:ssl_client_socket_impl.cc(1101)] handshake failed; returned -1, SSL error code 1, net_error -107
Mar 19, 2017 22:29:30.85 [848:5824:0319/222930.847:ERROR:ssl_client_socket_impl.cc(1101)] handshake failed; returned -1, SSL error code 1, net_error -107
Mar 19, 2017 22:29:30.96 [848:5824:0319/222930.961:ERROR:ssl_client_socket_impl.cc(1101)] handshake failed; returned -1, SSL error code 1, net_error -107
Mar 19, 2017 22:29:48.34 [848:5824:0319/222948.349:ERROR:ssl_client_socket_impl.cc(1101)] handshake failed; returned -1, SSL error code 1, net_error -107
Mar 19, 2017 22:29:48.36 [848:5824:0319/222948.350:ERROR:ssl_client_socket_impl.cc(1101)] handshake failed; returned -1, SSL error code 1, net_error -107
Mar 19, 2017 22:29:48.47 [848:5824:0319/222948.474:ERROR:ssl_client_socket_impl.cc(1101)] handshake failed; returned -1, SSL error code 1, net_error -107
Mar 19, 2017 22:29:48.48 [848:5824:0319/222948.476:ERROR:ssl_client_socket_impl.cc(1101)] handshake failed; returned -1, SSL error code 1, net_error -107
Mar 19, 2017 22:29:48.50 [848:5824:0319/222948.503:ERROR:ssl_client_socket_impl.cc(1101)] handshake failed; returned -1, SSL error code 1, net_error -107
Mar 19, 2017 22:30:20.50 [848:5824:0319/223020.509:ERROR:ssl_client_socket_impl.cc(1101)] handshake failed; returned -1, SSL error code 1, net_error -107
Mar 19, 2017 22:30:20.51 [848:5824:0319/223020.510:ERROR:ssl_client_socket_impl.cc(1101)] handshake failed; returned -1, SSL error code 1, net_error -107
Mar 19, 2017 22:30:20.74 [848:5824:0319/223020.739:ERROR:ssl_client_socket_impl.cc(1101)] handshake failed; returned -1, SSL error code 1, net_error -107
Mar 19, 2017 22:30:20.80 [848:5824:0319/223020.800:ERROR:ssl_client_socket_impl.cc(1101)] handshake failed; returned -1, SSL error code 1, net_error -107
Mar 19, 2017 22:30:29.54 [848:5824:0319/223029.542:ERROR:ssl_client_socket_impl.cc(1101)] handshake failed; returned -1, SSL error code 1, net_error -107
Mar 19, 2017 22:30:29.55 [848:5824:0319/223029.542:ERROR:ssl_client_socket_impl.cc(1101)] handshake failed; returned -1, SSL error code 1, net_error -107
Mar 19, 2017 22:30:29.64 [848:5824:0319/223029.640:ERROR:ssl_client_socket_impl.cc(1101)] handshake failed; returned -1, SSL error code 1, net_error -107
Mar 19, 2017 22:30:29.65 [848:5824:0319/223029.643:ERROR:ssl_client_socket_impl.cc(1101)] handshake failed; returned -1, SSL error code 1, net_error -107
Mar 19, 2017 22:30:29.66 [848:5824:0319/223029.648:ERROR:ssl_client_socket_impl.cc(1101)] handshake failed; returned -1, SSL error code 1, net_error -107
Mar 19, 2017 22:41:08.94 [848:5824:0319/224108.941:ERROR:ssl_client_socket_impl.cc(1101)] handshake failed; returned -1, SSL error code 1, net_error -100
Mar 19, 2017 22:41:08.95 [848:5824:0319/224108.946:ERROR:ssl_client_socket_impl.cc(1101)] handshake failed; returned -1, SSL error code 1, net_error -100
Mar 19, 2017 22:41:08.96 [848:5824:0319/224108.951:ERROR:ssl_client_socket_impl.cc(1101)] handshake failed; returned -1, SSL error code 1, net_error -100
Mar 19, 2017 22:41:08.98 [848:5824:0319/224108.952:ERROR:ssl_client_socket_impl.cc(1101)] handshake failed; returned -1, SSL error code 1, net_error -100
Mar 19, 2017 22:41:08.99 [848:5824:0319/224108.966:ERROR:ssl_client_socket_impl.cc(1101)] handshake failed; returned -1, SSL error code 1, net_error -100
Mar 19, 2017 22:41:09.09 [848:5824:0319/224109.090:ERROR:ssl_client_socket_impl.cc(1101)] handshake failed; returned -1, SSL error code 1, net_error -100
Mar 19, 2017 22:41:09.09 [848:5824:0319/224109.091:ERROR:ssl_client_socket_impl.cc(1101)] handshake failed; returned -1, SSL error code 1, net_error -100
Mar 19, 2017 22:41:14.11 [848:5824:0319/224114.111:ERROR:ssl_client_socket_impl.cc(1101)] handshake failed; returned -1, SSL error code 1, net_error -100
Mar 19, 2017 22:41:14.12 [848:5824:0319/224114.116:ERROR:ssl_client_socket_impl.cc(1101)] handshake failed; returned -1, SSL error code 1, net_error -100
Mar 19, 2017 22:41:27.54 [848:5196:0319/224127.546:ERROR:CONSOLE(0)] "XMLHttpRequest cannot load https://play.google.com/log?format=json. The 'Access-Control-Allow-Origin' header contains multiple values 'https://notifications.google.com, *', but only one is allowed. Origin 'https://notifications.google.com' is therefore not allowed access.", source: https://notifications.google.com/u/0/widget?sourceid=243&hl=en&origin=https%3A%2F%2Fwww.google.com&usegapi=1&jsh=m%3B%2F_%2Fscs%2Fabc-static%2F_%2Fjs%2Fk%3Dgapi.gapi.en.DTPeBB_SvOA.O%2Fm%3D__features__%2Frt%3Dj%2Fd%3D1%2Frs%3DAHpOoo-J3J0yqNDMPVrmQT6j-SBFfGx8oA#pid=243&_methods=onError%2ConInfo%2ChideNotificationWidget%2CpostSharedMessage%2Creauth%2CsetNotificationWidgetHeight%2CsetNotificationWidgetSize%2CswitchTo%2CnavigateTo%2CsetNotificationText%2CsetNotificationAnimation%2CgetNotificationText%2CvalidateUser%2C_ready&id=I0_1489981287217&parent=https%3A%2F%2Fwww.google.com&pfname=&rpctoken=22616812 (0)
Mar 19, 2017 22:43:57.14 [848:5824:0319/224357.140:ERROR:ssl_client_socket_impl.cc(1101)] handshake failed; returned -1, SSL error code 1, net_error -100
Mar 19, 2017 22:43:57.15 [848:5824:0319/224357.140:ERROR:ssl_client_socket_impl.cc(1101)] handshake failed; returned -1, SSL error code 1, net_error -100
Mar 19, 2017 22:43:57.16 [848:5824:0319/224357.141:ERROR:ssl_client_socket_impl.cc(1101)] handshake failed; returned -1, SSL error code 1, net_error -100
Mar 19, 2017 22:43:57.16 [848:5824:0319/224357.143:ERROR:ssl_client_socket_impl.cc(1101)] handshake failed; returned -1, SSL error code 1, net_error -100
Mar 19, 2017 22:43:57.18 [848:5824:0319/224357.143:ERROR:ssl_client_socket_impl.cc(1101)] handshake failed; returned -1, SSL error code 1, net_error -100
Mar 19, 2017 22:43:57.18 [848:5824:0319/224357.148:ERROR:ssl_client_socket_impl.cc(1101)] handshake failed; returned -1, SSL error code 1, net_error -100
Mar 19, 2017 22:43:57.20 [848:5824:0319/224357.150:ERROR:ssl_client_socket_impl.cc(1101)] handshake failed; returned -1, SSL error code 1, net_error -100
Mar 19, 2017 22:43:57.20 [848:5824:0319/224357.184:ERROR:ssl_client_socket_impl.cc(1101)] handshake failed; returned -1, SSL error code 1, net_error -100
Mar 19, 2017 22:43:57.21 [848:5824:0319/224357.185:ERROR:ssl_client_socket_impl.cc(1101)] handshake failed; returned -1, SSL error code 1, net_error -100
Mar 19, 2017 22:52:21.36 [848:5196:0319/225221.360:ERROR:CONSOLE(57)] "Uncaught TypeError: Cannot read property 'addExtensions' of undefined", source: chrome-devtools://devtools/bundled/devtools_compatibility.js (57)
Mar 19, 2017 23:30:31.46 [4088:6560:0319/233031.469:ERROR:mf_helpers.cc(12)] Error in dxva_video_decode_accelerator_win.cc on line 345
Mar 19, 2017 23:36:22.05 [848:5196:0319/233622.056:ERROR:CONSOLE(0)] "XMLHttpRequest cannot load https://play.google.com/log?format=json. The 'Access-Control-Allow-Origin' header contains multiple values 'https://notifications.google.com, *', but only one is allowed. Origin 'https://notifications.google.com' is therefore not allowed access.", source: https://notifications.google.com/u/0/widget?sourceid=243&hl=en&origin=https%3A%2F%2Fwww.google.com&usegapi=1&jsh=m%3B%2F_%2Fscs%2Fabc-static%2F_%2Fjs%2Fk%3Dgapi.gapi.en.DTPeBB_SvOA.O%2Fm%3D__features__%2Frt%3Dj%2Fd%3D1%2Frs%3DAHpOoo-J3J0yqNDMPVrmQT6j-SBFfGx8oA#pid=243&_methods=onError%2ConInfo%2ChideNotificationWidget%2CpostSharedMessage%2Creauth%2CsetNotificationWidgetHeight%2CsetNotificationWidgetSize%2CswitchTo%2CnavigateTo%2CsetNotificationText%2CsetNotificationAnimation%2CgetNotificationText%2CvalidateUser%2C_ready&id=I0_1489984581541&parent=https%3A%2F%2Fwww.google.com&pfname=&rpctoken=42287240 (0)
Mar 19, 2017 23:37:22.98 [848:5196:0319/233722.981:ERROR:CONSOLE(0)] "XMLHttpRequest cannot load https://play.google.com/log?format=json. The 'Access-Control-Allow-Origin' header contains multiple values 'https://notifications.google.com, *', but only one is allowed. Origin 'https://notifications.google.com' is therefore not allowed access.", source: https://notifications.google.com/u/0/widget?sourceid=243&hl=en&origin=https%3A%2F%2Fwww.google.com&usegapi=1&jsh=m%3B%2F_%2Fscs%2Fabc-static%2F_%2Fjs%2Fk%3Dgapi.gapi.en.DTPeBB_SvOA.O%2Fm%3D__features__%2Frt%3Dj%2Fd%3D1%2Frs%3DAHpOoo-J3J0yqNDMPVrmQT6j-SBFfGx8oA#pid=243&_methods=onError%2ConInfo%2ChideNotificationWidget%2CpostSharedMessage%2Creauth%2CsetNotificationWidgetHeight%2CsetNotificationWidgetSize%2CswitchTo%2CnavigateTo%2CsetNotificationText%2CsetNotificationAnimation%2CgetNotificationText%2CvalidateUser%2C_ready&id=I0_1489984642684&parent=https%3A%2F%2Fwww.google.com&pfname=&rpctoken=17018028 (0)
Mar 19, 2017 23:38:03.73 [848:5196:0319/233803.731:ERROR:CONSOLE(0)] "XMLHttpRequest cannot load https://play.google.com/log?format=json. The 'Access-Control-Allow-Origin' header contains multiple values 'https://notifications.google.com, *', but only one is allowed. Origin 'https://notifications.google.com' is therefore not allowed access.", source: https://notifications.google.com/u/0/widget?sourceid=243&hl=en&origin=https%3A%2F%2Fwww.google.com&usegapi=1&jsh=m%3B%2F_%2Fscs%2Fabc-static%2F_%2Fjs%2Fk%3Dgapi.gapi.en.DTPeBB_SvOA.O%2Fm%3D__features__%2Frt%3Dj%2Fd%3D1%2Frs%3DAHpOoo-J3J0yqNDMPVrmQT6j-SBFfGx8oA#pid=243&_methods=onError%2ConInfo%2ChideNotificationWidget%2CpostSharedMessage%2Creauth%2CsetNotificationWidgetHeight%2CsetNotificationWidgetSize%2CswitchTo%2CnavigateTo%2CsetNotificationText%2CsetNotificationAnimation%2CgetNotificationText%2CvalidateUser%2C_ready&id=I0_1489984683479&parent=https%3A%2F%2Fwww.google.com&pfname=&rpctoken=93109985 (0)
Mar 20, 2017 08:18:07.50 [848:5196:0320/081807.503:ERROR:gcm_channel_status_request.cc(89)] GCM channel request failed.
Mar 20, 2017 08:18:10.72 [848:5824:0320/081809.455:ERROR:connection_factory_impl.cc(367)] Failed to connect to MCS endpoint with error -21
Mar 20, 2017 08:18:12.18 [848:5824:0320/081812.186:ERROR:connection_factory_impl.cc(367)] Failed to connect to MCS endpoint with error -21
Mar 20, 2017 15:36:53.52 [848:5196:0320/153653.506:ERROR:gcm_channel_status_request.cc(89)] GCM channel request failed.
Mar 20, 2017 15:37:00.67 [848:5824:0320/153700.673:ERROR:connection_factory_impl.cc(367)] Failed to connect to MCS endpoint with error -106
Mar 20, 2017 15:37:01.77 [848:5824:0320/153701.774:ERROR:connection_factory_impl.cc(367)] Failed to connect to MCS endpoint with error -106
Mar 20, 2017 15:37:02.55 [848:5824:0320/153702.553:ERROR:connection_factory_impl.cc(367)] Failed to connect to MCS endpoint with error -106
Mar 20, 2017 15:49:37.93 [848:5824:0320/154937.935:ERROR:ssl_client_socket_impl.cc(1101)] handshake failed; returned -1, SSL error code 1, net_error -101
Mar 20, 2017 16:22:12.51 [848:5824:0320/162212.512:ERROR:ssl_client_socket_impl.cc(1101)] handshake failed; returned -1, SSL error code 1, net_error -101
Mar 20, 2017 16:49:16.51 [848:5196:0320/164916.507:ERROR:gcm_channel_status_request.cc(89)] GCM channel request failed.
Mar 20, 2017 16:51:41.55 [848:5196:0320/165141.552:ERROR:gcm_channel_status_request.cc(89)] GCM channel request failed.
Mar 20, 2017 16:51:49.02 [848:5824:0320/165149.021:ERROR:connection_factory_impl.cc(367)] Failed to connect to MCS endpoint with error -21
Mar 20, 2017 16:51:54.01 [848:5824:0320/165154.013:ERROR:connection_factory_impl.cc(367)] Failed to connect to MCS endpoint with error -21
Mar 20, 2017 17:17:20.53 [848:5824:0320/171720.531:ERROR:connection_factory_impl.cc(367)] Failed to connect to MCS endpoint with error -21
Mar 20, 2017 17:17:25.01 [848:5824:0320/171725.012:ERROR:connection_factory_impl.cc(367)] Failed to connect to MCS endpoint with error -21
Mar 20, 2017 17:17:39.57 [848:5824:0320/171739.578:ERROR:connection_factory_impl.cc(367)] Failed to connect to MCS endpoint with error -21
Mar 20, 2017 17:17:41.61 [848:5824:0320/171741.613:ERROR:connection_factory_impl.cc(367)] Failed to connect to MCS endpoint with error -106
Mar 20, 2017 17:20:42.41 [848:5824:0320/172042.417:ERROR:connection_factory_impl.cc(367)] Failed to connect to MCS endpoint with error -106
Mar 20, 2017 17:27:47.85 [848:5824:0320/172747.851:ERROR:connection_factory_impl.cc(367)] Failed to connect to MCS endpoint with error -106
Mar 20, 2017 18:15:08.53 [848:5196:0320/181508.520:ERROR:gcm_channel_status_request.cc(89)] GCM channel request failed.
Mar 20, 2017 18:15:08.58 [848:5824:0320/181508.582:ERROR:connection_factory_impl.cc(367)] Failed to connect to MCS endpoint with error -106
Mar 20, 2017 18:35:49.72 [848:5196:0320/183549.722:ERROR:CONSOLE(57)] "Uncaught TypeError: Cannot read property 'addExtensions' of undefined", source: chrome-devtools://devtools/bundled/devtools_compatibility.js (57)
Mar 20, 2017 19:23:45.16 [848:5196:0320/192345.162:ERROR:CONSOLE(4514)] "Can only perform operation while paused.", source: chrome-devtools://devtools/bundled/inspector.js (4514)
Mar 20, 2017 19:24:59.17 [848:5824:0320/192459.177:ERROR:mcs_client.cc(753)] Received close command, resetting connection.
Mar 20, 2017 19:31:00.33 [848:5196:0320/193100.333:ERROR:CONSOLE(0)] "XMLHttpRequest cannot load https://play.google.com/log?format=json. The 'Access-Control-Allow-Origin' header contains multiple values 'https://notifications.google.com, *', but only one is allowed. Origin 'https://notifications.google.com' is therefore not allowed access.", source: https://notifications.google.com/u/0/widget?sourceid=243&hl=en&origin=https%3A%2F%2Fwww.google.com&usegapi=1&jsh=m%3B%2F_%2Fscs%2Fabc-static%2F_%2Fjs%2Fk%3Dgapi.gapi.en.DTPeBB_SvOA.O%2Fm%3D__features__%2Frt%3Dj%2Fd%3D1%2Frs%3DAHpOoo-J3J0yqNDMPVrmQT6j-SBFfGx8oA#pid=243&_methods=onError%2ConInfo%2ChideNotificationWidget%2CpostSharedMessage%2Creauth%2CsetNotificationWidgetHeight%2CsetNotificationWidgetSize%2CswitchTo%2CnavigateTo%2CsetNotificationText%2CsetNotificationAnimation%2CgetNotificationText%2CvalidateUser%2C_ready&id=I0_1490056259605&parent=https%3A%2F%2Fwww.google.com&pfname=&rpctoken=29394057 (0)
Mar 20, 2017 19:36:58.04 [848:5196:0320/193658.040:ERROR:CONSOLE(0)] "XMLHttpRequest cannot load https://play.google.com/log?format=json. The 'Access-Control-Allow-Origin' header contains multiple values 'https://notifications.google.com, *', but only one is allowed. Origin 'https://notifications.google.com' is therefore not allowed access.", source: https://notifications.google.com/u/0/widget?sourceid=243&hl=en&origin=https%3A%2F%2Fwww.google.com&usegapi=1&jsh=m%3B%2F_%2Fscs%2Fabc-static%2F_%2Fjs%2Fk%3Dgapi.gapi.en.DTPeBB_SvOA.O%2Fm%3D__features__%2Frt%3Dj%2Fd%3D1%2Frs%3DAHpOoo-J3J0yqNDMPVrmQT6j-SBFfGx8oA#pid=243&_methods=onError%2ConInfo%2ChideNotificationWidget%2CpostSharedMessage%2Creauth%2CsetNotificationWidgetHeight%2CsetNotificationWidgetSize%2CswitchTo%2CnavigateTo%2CsetNotificationText%2CsetNotificationAnimation%2CgetNotificationText%2CvalidateUser%2C_ready&id=I0_1490056617702&parent=https%3A%2F%2Fwww.google.com&pfname=&rpctoken=22651971 (0)
Mar 20, 2017 20:00:47.28 [848:5196:0320/200047.287:ERROR:CONSOLE(57)] "Uncaught TypeError: Cannot read property 'addExtensions' of undefined", source: chrome-devtools://devtools/bundled/devtools_compatibility.js (57)
Mar 20, 2017 20:01:29.68 [848:5196:0320/200129.681:ERROR:CONSOLE(57)] "Uncaught TypeError: Cannot read property 'addExtensions' of undefined", source: chrome-devtools://devtools/bundled/devtools_compatibility.js (57)
Mar 20, 2017 20:02:41.88 [848:5196:0320/200241.885:ERROR:CONSOLE(57)] "Uncaught TypeError: Cannot read property 'addExtensions' of undefined", source: chrome-devtools://devtools/bundled/devtools_compatibility.js (57)
Mar 20, 2017 20:20:47.54 [848:5196:0320/202047.545:ERROR:CONSOLE(57)] "Uncaught TypeError: Cannot read property 'addExtensions' of undefined", source: chrome-devtools://devtools/bundled/devtools_compatibility.js (57)
Mar 20, 2017 21:05:21.33 [848:5196:0320/210521.336:ERROR:CONSOLE(4514)] "Can only perform operation while paused.", source: chrome-devtools://devtools/bundled/inspector.js (4514)
Mar 20, 2017 21:05:21.36 [848:5196:0320/210521.337:ERROR:CONSOLE(4514)] "Can only perform operation while paused.", source: chrome-devtools://devtools/bundled/inspector.js (4514)
Mar 20, 2017 21:19:20.68 [848:5196:0320/211920.683:ERROR:CONSOLE(57)] "Uncaught TypeError: Cannot read property 'addExtensions' of undefined", source: chrome-devtools://devtools/bundled/devtools_compatibility.js (57)
Mar 20, 2017 21:42:10.32 [848:5196:0320/214210.319:ERROR:CONSOLE(4514)] "Can only perform operation while paused.", source: chrome-devtools://devtools/bundled/inspector.js (4514)
Mar 20, 2017 21:42:10.33 [848:5196:0320/214210.322:ERROR:CONSOLE(4514)] "Can only perform operation while paused.", source: chrome-devtools://devtools/bundled/inspector.js (4514)
Mar 20, 2017 21:42:10.35 [848:5196:0320/214210.324:ERROR:CONSOLE(4514)] "Can only perform operation while paused.", source: chrome-devtools://devtools/bundled/inspector.js (4514)
Mar 20, 2017 21:42:10.36 [848:5196:0320/214210.325:ERROR:CONSOLE(4514)] "Can only perform operation while paused.", source: chrome-devtools://devtools/bundled/inspector.js (4514)
Mar 20, 2017 21:53:03.35 [848:5196:0320/215303.356:ERROR:CONSOLE(4514)] "Can only perform operation while paused.", source: chrome-devtools://devtools/bundled/inspector.js (4514)
Mar 20, 2017 21:53:03.37 [848:5196:0320/215303.359:ERROR:CONSOLE(4514)] "Can only perform operation while paused.", source: chrome-devtools://devtools/bundled/inspector.js (4514)
Mar 20, 2017 21:53:03.38 [848:5196:0320/215303.359:ERROR:CONSOLE(4514)] "Can only perform operation while paused.", source: chrome-devtools://devtools/bundled/inspector.js (4514)
Mar 20, 2017 21:53:03.39 [848:5196:0320/215303.361:ERROR:CONSOLE(4514)] "Can only perform operation while paused.", source: chrome-devtools://devtools/bundled/inspector.js (4514)
Mar 20, 2017 21:53:03.40 [848:5196:0320/215303.362:ERROR:CONSOLE(4514)] "Can only perform operation while paused.", source: chrome-devtools://devtools/bundled/inspector.js (4514)
Mar 20, 2017 21:56:27.32 [848:5196:0320/215627.321:ERROR:CONSOLE(57)] "Uncaught TypeError: Cannot read property 'addExtensions' of undefined", source: chrome-devtools://devtools/bundled/devtools_compatibility.js (57)
Mar 20, 2017 22:09:59.49 A Parser-blocking, cross-origin script, https://www.googletagservices.com/tag/js/gpt.js, is invoked via document.write. This may be blocked by the browser if the device has poor network connectivity. See https://www.chromestatus.com/feature/5718547946799104 for more details.
Mar 20, 2017 22:09:59.49 A Parser-blocking, cross-origin script, https://www.googletagservices.com/tag/js/gpt.js, is invoked via document.write. This may be blocked by the browser if the device has poor network connectivity. See https://www.chromestatus.com/feature/5718547946799104 for more details.
Mar 20, 2017 22:09:59.50 A Parser-blocking, cross-origin script, https://securepubads.g.doubleclick.net/gpt/pubads_impl_111.js, is invoked via document.write. This may be blocked by the browser if the device has poor network connectivity. See https://www.chromestatus.com/feature/5718547946799104 for more details.
Mar 20, 2017 22:09:59.50 A Parser-blocking, cross-origin script, https://securepubads.g.doubleclick.net/gpt/pubads_impl_111.js, is invoked via document.write. This may be blocked by the browser if the device has poor network connectivity. See https://www.chromestatus.com/feature/5718547946799104 for more details.
Mar 20, 2017 22:09:59.52 A Parser-blocking, cross-origin script, https://securepubads.g.doubleclick.net/gampad/ads?gdfp_req=1&correlator=223761993576952&output=json_html&callback=googletag.impl.pubads.setAdContentsBySlotForSync&impl=ss&json_a=1&eid=108809080%2C108809133%2C108809147%2C108809160%2C21060065&sc=1&sfv=1-0-6&iu_parts=11952262%2C728x90_Epaper_Home&enc_prev_ius=%2F0%2F1&prev_iu_szs=728x90&cookie=ID%3D73746b8b3d2308c4%3AT%3D1488673969%3AS%3DALNI_MYDyyH2Yl4tKqSzJnIB9wuxW1-AiQ&lmt=1490065797&dt=1490065797756&cc=100&frm=20&biw=1680&bih=984&oid=3&adxs=476&adys=881&adks=2112500227&gut=v2&ifi=1&u_tz=-300&u_his=6&u_h=1050&u_w=1680&u_ah=1050&u_aw=1680&u_cd=24&u_nplug=5&u_nmime=7&u_sd=1&flash=25.0.0&url=https%3A%2F%2Fwww.express.com.pk%2F&dssz=5&icsg=10&std=0&csl=86&vrg=111&vrp=111&ga_vid=1016298818.1488673983&ga_sid=1490065798&ga_hid=517908083&ga_fc=true, is invoked via document.write. This may be blocked by the browser if the device has poor network connectivity. See https://www.chromestatus.com/feature/5718547946799104 for more details.
Mar 20, 2017 22:09:59.54 A Parser-blocking, cross-origin script, https://securepubads.g.doubleclick.net/gampad/ads?gdfp_req=1&correlator=223761993576952&output=json_html&callback=googletag.impl.pubads.setAdContentsBySlotForSync&impl=ss&json_a=1&eid=108809080%2C108809133%2C108809147%2C108809160%2C21060065&sc=1&sfv=1-0-6&iu_parts=11952262%2C728x90_Epaper_Home&enc_prev_ius=%2F0%2F1&prev_iu_szs=728x90&cookie=ID%3D73746b8b3d2308c4%3AT%3D1488673969%3AS%3DALNI_MYDyyH2Yl4tKqSzJnIB9wuxW1-AiQ&lmt=1490065797&dt=1490065797756&cc=100&frm=20&biw=1680&bih=984&oid=3&adxs=476&adys=881&adks=2112500227&gut=v2&ifi=1&u_tz=-300&u_his=6&u_h=1050&u_w=1680&u_ah=1050&u_aw=1680&u_cd=24&u_nplug=5&u_nmime=7&u_sd=1&flash=25.0.0&url=https%3A%2F%2Fwww.express.com.pk%2F&dssz=5&icsg=10&std=0&csl=86&vrg=111&vrp=111&ga_vid=1016298818.1488673983&ga_sid=1490065798&ga_hid=517908083&ga_fc=true, is invoked via document.write. This may be blocked by the browser if the device has poor network connectivity. See https://www.chromestatus.com/feature/5718547946799104 for more details.
Mar 20, 2017 22:09:59.57 A Parser-blocking, cross-origin script, https://resonance.pk/rp/js/rmp.min.js, is invoked via document.write. This may be blocked by the browser if the device has poor network connectivity. See https://www.chromestatus.com/feature/5718547946799104 for more details.
Mar 20, 2017 22:09:59.60 A Parser-blocking, cross-origin script, https://resonance.pk/rp/js/rmp.min.js, is invoked via document.write. This may be blocked by the browser if the device has poor network connectivity. See https://www.chromestatus.com/feature/5718547946799104 for more details.
Mar 20, 2017 22:09:59.61 A Parser-blocking, cross-origin script, https://resonance.pk/Out-Stream/ecp_RP_Outstream.js, is invoked via document.write. This may be blocked by the browser if the device has poor network connectivity. See https://www.chromestatus.com/feature/5718547946799104 for more details.
Mar 20, 2017 22:10:00.53 A Parser-blocking, cross-origin script, https://ssl.google-analytics.com/ga.js, is invoked via document.write. This may be blocked by the browser if the device has poor network connectivity. See https://www.chromestatus.com/feature/5718547946799104 for more details.
Mar 20, 2017 22:10:00.53 A Parser-blocking, cross-origin script, https://ssl.google-analytics.com/ga.js, is invoked via document.write. This may be blocked by the browser if the device has poor network connectivity. See https://www.chromestatus.com/feature/5718547946799104 for more details.
Mar 20, 2017 22:10:00.54 A Parser-blocking, cross-origin script, https://securepubads.g.doubleclick.net/gampad/google_ads.js, is invoked via document.write. This may be blocked by the browser if the device has poor network connectivity. See https://www.chromestatus.com/feature/5718547946799104 for more details.
Mar 20, 2017 22:10:00.55 A Parser-blocking, cross-origin script, https://securepubads.g.doubleclick.net/gampad/google_ads.js, is invoked via document.write. This may be blocked by the browser if the device has poor network connectivity. See https://www.chromestatus.com/feature/5718547946799104 for more details.
Mar 20, 2017 22:10:00.56 A Parser-blocking, cross-origin script, https://securepubads.g.doubleclick.net/gampad/ads?correlator=4081674030435388&output=json_html&callback=GA_googleSetAdContentsBySlotForSync&impl=s&ic=0&eid=108809087&client=ca-pub-2620341023138785&slotname=Express_Epaper_Home_728x90_Top&page_slots=Express_Epaper_Home_728x90_Top&cookie=ID%3D73746b8b3d2308c4%3AT%3D1488673969%3AS%3DALNI_MYDyyH2Yl4tKqSzJnIB9wuxW1-AiQ&url=https%3A%2F%2Fwww.express.com.pk%2Fepaper%2FIndex.aspx%3FIssue%3DNP_LHE&lmt=1490065799&dt=1490065799715&cc=93&biw=1663&bih=984&adk=3503894573&adx=0&ady=0&ifi=10&oid=3&u_tz=-300&u_his=7&u_h=1050&u_w=1680&u_ah=1050&u_aw=1680&u_cd=24&u_nplug=5&u_nmime=7&flash=25.0.0&gads=v2&ga_vid=1016298818.1488673983&ga_sid=1490065798&ga_hid=1851525270&ga_fc=true, is invoked via document.write. This may be blocked by the browser if the device has poor network connectivity. See https://www.chromestatus.com/feature/5718547946799104 for more details.
Mar 20, 2017 22:10:00.57 A Parser-blocking, cross-origin script, https://securepubads.g.doubleclick.net/gampad/ads?correlator=4081674030435388&output=json_html&callback=GA_googleSetAdContentsBySlotForSync&impl=s&ic=0&eid=108809087&client=ca-pub-2620341023138785&slotname=Express_Epaper_Home_728x90_Top&page_slots=Express_Epaper_Home_728x90_Top&cookie=ID%3D73746b8b3d2308c4%3AT%3D1488673969%3AS%3DALNI_MYDyyH2Yl4tKqSzJnIB9wuxW1-AiQ&url=https%3A%2F%2Fwww.express.com.pk%2Fepaper%2FIndex.aspx%3FIssue%3DNP_LHE&lmt=1490065799&dt=1490065799715&cc=93&biw=1663&bih=984&adk=3503894573&adx=0&ady=0&ifi=10&oid=3&u_tz=-300&u_his=7&u_h=1050&u_w=1680&u_ah=1050&u_aw=1680&u_cd=24&u_nplug=5&u_nmime=7&flash=25.0.0&gads=v2&ga_vid=1016298818.1488673983&ga_sid=1490065798&ga_hid=1851525270&ga_fc=true, is invoked via document.write. This may be blocked by the browser if the device has poor network connectivity. See https://www.chromestatus.com/feature/5718547946799104 for more details.
Mar 20, 2017 22:10:00.58 A Parser-blocking, cross-origin script, https://secure.adnxs.com/ttj?id=5346155&cb=198024582, is invoked via document.write. This may be blocked by the browser if the device has poor network connectivity. See https://www.chromestatus.com/feature/5718547946799104 for more details.
Mar 20, 2017 22:10:00.59 A Parser-blocking, cross-origin script, https://secure.adnxs.com/ttj?id=5346155&cb=198024582, is invoked via document.write. This may be blocked by the browser if the device has poor network connectivity. See https://www.chromestatus.com/feature/5718547946799104 for more details.
Mar 20, 2017 22:10:19.26 A Parser-blocking, cross-origin script, https://secure.adnxs.com/ttj?ttjb=1&bdc=1490065800&bdh=9zI4FW7tQu6Pki9U0xriWyv-Mdw.&tpuids=eyJ0cHVpZHMiOlt7InByb3ZpZGVyIjoiY3JpdGVvIiwidXNlcl9pZCI6ImpBMWduUVowRzM5UkNTekNHc0xLaDA4V3AtajZYcUVVIn1dfQ==&view_iv=1&view_pos=0,0&view_ws=1680,984&view_vs=0&bdref=https%3A%2F%2Fwww.express.com.pk%2Fepaper%2FIndex.aspx%3FIssue%3DNP_LHE&bdtop=true&bdifs=0&bstk=https%3A%2F%2Fwww.express.com.pk%2Fepaper%2FIndex.aspx%3FIssue%3DNP_LHE&&id=5346155&cb=198024582, is invoked via document.write. This may be blocked by the browser if the device has poor network connectivity. See https://www.chromestatus.com/feature/5718547946799104 for more details.
Mar 20, 2017 22:10:19.27 A Parser-blocking, cross-origin script, https://secure.adnxs.com/ttj?ttjb=1&bdc=1490065800&bdh=9zI4FW7tQu6Pki9U0xriWyv-Mdw.&tpuids=eyJ0cHVpZHMiOlt7InByb3ZpZGVyIjoiY3JpdGVvIiwidXNlcl9pZCI6ImpBMWduUVowRzM5UkNTekNHc0xLaDA4V3AtajZYcUVVIn1dfQ==&view_iv=1&view_pos=0,0&view_ws=1680,984&view_vs=0&bdref=https%3A%2F%2Fwww.express.com.pk%2Fepaper%2FIndex.aspx%3FIssue%3DNP_LHE&bdtop=true&bdifs=0&bstk=https%3A%2F%2Fwww.express.com.pk%2Fepaper%2FIndex.aspx%3FIssue%3DNP_LHE&&id=5346155&cb=198024582, is invoked via document.write. This may be blocked by the browser if the device has poor network connectivity. See https://www.chromestatus.com/feature/5718547946799104 for more details.
Mar 20, 2017 22:10:19.28 A Parser-blocking, cross-origin script, https://securepubads.g.doubleclick.net/gampad/ads?correlator=4081674030435388&output=json_html&callback=GA_googleSetAdContentsBySlotForSync&impl=s&ic=0&eid=108809087&client=ca-pub-2620341023138785&slotname=Express_Epaper_Home_728x90_Bottom&page_slots=Express_Epaper_Home_728x90_Top%2CExpress_Epaper_Home_728x90_Bottom&cookie=ID%3D73746b8b3d2308c4%3AT%3D1488673969%3AS%3DALNI_MYDyyH2Yl4tKqSzJnIB9wuxW1-AiQ&url=https%3A%2F%2Fwww.express.com.pk%2Fepaper%2FIndex.aspx%3FIssue%3DNP_LHE&lmt=1490065800&dt=1490065800682&cc=94&biw=1663&bih=984&adk=603465525&adx=0&ady=0&ifi=11&oid=3&u_tz=-300&u_his=7&u_h=1050&u_w=1680&u_ah=1050&u_aw=1680&u_cd=24&u_nplug=5&u_nmime=7&flash=25.0.0&gads=v2&ga_vid=1016298818.1488673983&ga_sid=1490065798&ga_hid=1851525270&ga_fc=true, is invoked via document.write. This may be blocked by the browser if the device has poor network connectivity. See https://www.chromestatus.com/feature/5718547946799104 for more details.
Mar 20, 2017 22:10:19.29 A Parser-blocking, cross-origin script, https://securepubads.g.doubleclick.net/gampad/ads?correlator=4081674030435388&output=json_html&callback=GA_googleSetAdContentsBySlotForSync&impl=s&ic=0&eid=108809087&client=ca-pub-2620341023138785&slotname=Express_Epaper_Home_728x90_Bottom&page_slots=Express_Epaper_Home_728x90_Top%2CExpress_Epaper_Home_728x90_Bottom&cookie=ID%3D73746b8b3d2308c4%3AT%3D1488673969%3AS%3DALNI_MYDyyH2Yl4tKqSzJnIB9wuxW1-AiQ&url=https%3A%2F%2Fwww.express.com.pk%2Fepaper%2FIndex.aspx%3FIssue%3DNP_LHE&lmt=1490065800&dt=1490065800682&cc=94&biw=1663&bih=984&adk=603465525&adx=0&ady=0&ifi=11&oid=3&u_tz=-300&u_his=7&u_h=1050&u_w=1680&u_ah=1050&u_aw=1680&u_cd=24&u_nplug=5&u_nmime=7&flash=25.0.0&gads=v2&ga_vid=1016298818.1488673983&ga_sid=1490065798&ga_hid=1851525270&ga_fc=true, is invoked via document.write. This may be blocked by the browser if the device has poor network connectivity. See https://www.chromestatus.com/feature/5718547946799104 for more details.
Mar 20, 2017 22:10:19.30 A Parser-blocking, cross-origin script, https://resonance.pk/rp/js/rmp.min.js, is invoked via document.write. This may be blocked by the browser if the device has poor network connectivity. See https://www.chromestatus.com/feature/5718547946799104 for more details.
Mar 20, 2017 22:10:19.31 A Parser-blocking, cross-origin script, https://resonance.pk/rp/js/rmp.min.js, is invoked via document.write. This may be blocked by the browser if the device has poor network connectivity. See https://www.chromestatus.com/feature/5718547946799104 for more details.
Mar 20, 2017 22:10:19.33 A Parser-blocking, cross-origin script, https://resonance.pk/Out-Stream/ecp_RP_Outstream.js, is invoked via document.write. This may be blocked by the browser if the device has poor network connectivity. See https://www.chromestatus.com/feature/5718547946799104 for more details.
Mar 20, 2017 22:10:19.34 A Parser-blocking, cross-origin script, https://ssl.google-analytics.com/ga.js, is invoked via document.write. This may be blocked by the browser if the device has poor network connectivity. See https://www.chromestatus.com/feature/5718547946799104 for more details.
Mar 20, 2017 22:10:19.34 A Parser-blocking, cross-origin script, https://ssl.google-analytics.com/ga.js, is invoked via document.write. This may be blocked by the browser if the device has poor network connectivity. See https://www.chromestatus.com/feature/5718547946799104 for more details.
Mar 20, 2017 22:10:19.65 A Parser-blocking, cross-origin script, https://securepubads.g.doubleclick.net/gampad/google_ads.js, is invoked via document.write. This may be blocked by the browser if the device has poor network connectivity. See https://www.chromestatus.com/feature/5718547946799104 for more details.
Mar 20, 2017 22:10:19.66 A Parser-blocking, cross-origin script, https://securepubads.g.doubleclick.net/gampad/google_ads.js, is invoked via document.write. This may be blocked by the browser if the device has poor network connectivity. See https://www.chromestatus.com/feature/5718547946799104 for more details.
Mar 20, 2017 22:10:19.67 A Parser-blocking, cross-origin script, https://securepubads.g.doubleclick.net/gampad/ads?correlator=2065995811594591&output=json_html&callback=GA_googleSetAdContentsBySlotForSync&impl=s&ic=0&eid=108809087&client=ca-pub-2620341023138785&slotname=Express_Epaper_Home_728x90_Top&page_slots=Express_Epaper_Home_728x90_Top&cookie=ID%3D73746b8b3d2308c4%3AT%3D1488673969%3AS%3DALNI_MYDyyH2Yl4tKqSzJnIB9wuxW1-AiQ&url=https%3A%2F%2Fwww.express.com.pk%2Fepaper%2Findex.aspx%3FIssue%3DNP_LHE%26Page%3DBack_Page008%26Date%3D20170321%26Pageno%3D8%26View%3D1&ref=https%3A%2F%2Fwww.express.com.pk%2Fepaper%2FIndex.aspx%3FIssue%3DNP_LHE&lmt=1490065819&dt=1490065819288&cc=93&biw=1663&bih=984&adk=3503894573&adx=0&ady=0&ifi=10&oid=3&u_tz=-300&u_his=8&u_h=1050&u_w=1680&u_ah=1050&u_aw=1680&u_cd=24&u_nplug=5&u_nmime=7&flash=25.0.0&gads=v2&ga_vid=1016298818.1488673983&ga_sid=1490065798&ga_hid=1516123211&ga_fc=true, is invoked via document.write. This may be blocked by the browser if the device has poor network connectivity. See https://www.chromestatus.com/feature/5718547946799104 for more details.
Mar 20, 2017 22:10:19.67 A Parser-blocking, cross-origin script, https://securepubads.g.doubleclick.net/gampad/ads?correlator=2065995811594591&output=json_html&callback=GA_googleSetAdContentsBySlotForSync&impl=s&ic=0&eid=108809087&client=ca-pub-2620341023138785&slotname=Express_Epaper_Home_728x90_Top&page_slots=Express_Epaper_Home_728x90_Top&cookie=ID%3D73746b8b3d2308c4%3AT%3D1488673969%3AS%3DALNI_MYDyyH2Yl4tKqSzJnIB9wuxW1-AiQ&url=https%3A%2F%2Fwww.express.com.pk%2Fepaper%2Findex.aspx%3FIssue%3DNP_LHE%26Page%3DBack_Page008%26Date%3D20170321%26Pageno%3D8%26View%3D1&ref=https%3A%2F%2Fwww.express.com.pk%2Fepaper%2FIndex.aspx%3FIssue%3DNP_LHE&lmt=1490065819&dt=1490065819288&cc=93&biw=1663&bih=984&adk=3503894573&adx=0&ady=0&ifi=10&oid=3&u_tz=-300&u_his=8&u_h=1050&u_w=1680&u_ah=1050&u_aw=1680&u_cd=24&u_nplug=5&u_nmime=7&flash=25.0.0&gads=v2&ga_vid=1016298818.1488673983&ga_sid=1490065798&ga_hid=1516123211&ga_fc=true, is invoked via document.write. This may be blocked by the browser if the device has poor network connectivity. See https://www.chromestatus.com/feature/5718547946799104 for more details.
Mar 20, 2017 22:10:19.68 A Parser-blocking, cross-origin script, https://securepubads.g.doubleclick.net/gampad/ads?correlator=2065995811594591&output=json_html&callback=GA_googleSetAdContentsBySlotForSync&impl=s&ic=0&prev_afc=1&eid=108809087&client=ca-pub-2620341023138785&slotname=Express_Epaper_Home_728x90_Bottom&page_slots=Express_Epaper_Home_728x90_Top%2CExpress_Epaper_Home_728x90_Bottom&cookie=ID%3D73746b8b3d2308c4%3AT%3D1488673969%3AS%3DALNI_MYDyyH2Yl4tKqSzJnIB9wuxW1-AiQ&url=https%3A%2F%2Fwww.express.com.pk%2Fepaper%2Findex.aspx%3FIssue%3DNP_LHE%26Page%3DBack_Page008%26Date%3D20170321%26Pageno%3D8%26View%3D1&ref=https%3A%2F%2Fwww.express.com.pk%2Fepaper%2FIndex.aspx%3FIssue%3DNP_LHE&lmt=1490065819&dt=1490065819655&cc=93&biw=1663&bih=984&adk=603465525&adx=0&ady=0&ifi=11&oid=3&u_tz=-300&u_his=8&u_h=1050&u_w=1680&u_ah=1050&u_aw=1680&u_cd=24&u_nplug=5&u_nmime=7&flash=25.0.0&gads=v2&ga_vid=1016298818.1488673983&ga_sid=1490065798&ga_hid=1516123211&ga_fc=true, is invoked via document.write. This may be blocked by the browser if the device has poor network connectivity. See https://www.chromestatus.com/feature/5718547946799104 for more details.
Mar 20, 2017 22:40:22.89 A Parser-blocking, cross-origin script, https://securepubads.g.doubleclick.net/gampad/ads?correlator=2065995811594591&output=json_html&callback=GA_googleSetAdContentsBySlotForSync&impl=s&ic=0&prev_afc=1&eid=108809087&client=ca-pub-2620341023138785&slotname=Express_[WARNING:..\..\..\..\flash\platform\pepper\pep_module.cpp(63)] SANDBOXED
Mar 20, 2017 23:36:52.64 [WARNING:..\..\..\..\flash\platform\pepper\pep_module.cpp(63)] SANDBOXED
Mar 20, 2017 23:46:02.41 [4088:6560:0320/234602.414:ERROR:mf_helpers.cc(12)] Error in dxva_video_decode_accelerator_win.cc on line 345
Mar 20, 2017 23:46:02.46 [4088:6560:0320/234602.466:ERROR:mf_helpers.cc(12)] Error in dxva_video_decode_accelerator_win.cc on line 345
Mar 20, 2017 23:46:02.58 [4088:6560:0320/234602.584:ERROR:mf_helpers.cc(12)] Error in dxva_video_decode_accelerator_win.cc on line 345
Mar 20, 2017 23:47:51.81 [4088:6560:0320/234751.819:ERROR:mf_helpers.cc(12)] Error in dxva_video_decode_accelerator_win.cc on line 345
Mar 20, 2017 23:47:51.85 [4088:6560:0320/234751.852:ERROR:mf_helpers.cc(12)] Error in dxva_video_decode_accelerator_win.cc on line 345
Mar 20, 2017 23:47:51.88 [4088:6560:0320/234751.885:ERROR:mf_helpers.cc(12)] Error in dxva_video_decode_accelerator_win.cc on line 345
Mar 20, 2017 23:57:18.68 [848:5196:0320/235718.687:ERROR:CONSOLE(57)] "Uncaught TypeError: Cannot read property 'addExtensions' of undefined", source: chrome-devtools://devtools/bundled/devtools_compatibility.js (57)
Mar 21, 2017 08:35:48.68 [848:5824:0321/083548.684:ERROR:connection_factory_impl.cc(367)] Failed to connect to MCS endpoint with error -105
Mar 21, 2017 08:36:13.06 [848:5824:0321/083613.064:ERROR:connection_factory_impl.cc(367)] Failed to connect to MCS endpoint with error -105
Mar 21, 2017 08:36:56.69 [848:5824:0321/083656.698:ERROR:connection_factory_impl.cc(367)] Failed to connect to MCS endpoint with error -105
Mar 21, 2017 08:38:26.48 [848:5824:0321/083826.486:ERROR:connection_factory_impl.cc(367)] Failed to connect to MCS endpoint with error -105
Mar 21, 2017 08:42:02.03 [848:5824:0321/084202.038:ERROR:connection_factory_impl.cc(367)] Failed to connect to MCS endpoint with error -105
Mar 21, 2017 08:49:47.04 [848:5824:0321/084947.049:ERROR:connection_factory_impl.cc(367)] Failed to connect to MCS endpoint with error -105
Mar 21, 2017 08:53:02.01 [848:5196:0321/085302.010:ERROR:gcm_channel_status_request.cc(89)] GCM channel request failed.
Mar 21, 2017 08:53:27.30 [848:5196:0321/085327.302:ERROR:gcm_channel_status_request.cc(89)] GCM channel request failed.
Mar 21, 2017 08:54:24.48 [848:5196:0321/085424.483:ERROR:gcm_channel_status_request.cc(89)] GCM channel request failed.
Mar 21, 2017 08:55:49.50 [848:5196:0321/085549.503:ERROR:gcm_channel_status_request.cc(89)] GCM channel request failed.
Mar 21, 2017 08:59:31.25 [848:5196:0321/085931.254:ERROR:gcm_channel_status_request.cc(89)] GCM channel request failed.
Mar 21, 2017 08:59:47.07 [848:5824:0321/085947.075:ERROR:connection_factory_impl.cc(367)] Failed to connect to MCS endpoint with error -105
Mar 21, 2017 09:04:35.02 [848:5824:0321/090435.023:ERROR:connection_factory_impl.cc(367)] Failed to connect to MCS endpoint with error -21
Mar 22, 2017 23:22:11.01 [848:5824:0322/232210.916:ERROR:socket_stream.cc(210)] Closing stream with result -101
Mar 22, 2017 23:22:16.67 [848:5824:0322/232210.917:ERROR:connection_factory_impl.cc(367)] Failed to connect to MCS endpoint with error -105
Mar 22, 2017 23:22:16.67 [848:5196:0322/232216.360:ERROR:gcm_channel_status_request.cc(89)] GCM channel request failed.
Mar 22, 2017 23:22:38.31 [848:5824:0322/232238.318:ERROR:connection_factory_impl.cc(367)] Failed to connect to MCS endpoint with error -106
Mar 22, 2017 23:22:52.14 [848:5196:0322/232252.148:ERROR:gcm_channel_status_request.cc(89)] GCM channel request failed.
Mar 22, 2017 23:23:35.26 [848:5824:0322/232334.016:ERROR:connection_factory_impl.cc(367)] Failed to connect to MCS endpoint with error -106
Mar 22, 2017 23:23:51.48 [848:5196:0322/232351.488:ERROR:gcm_channel_status_request.cc(89)] GCM channel request failed.
Mar 22, 2017 23:25:22.96 [848:5196:0322/232522.963:ERROR:gcm_channel_status_request.cc(89)] GCM channel request failed.
Mar 22, 2017 23:25:26.30 [848:5824:0322/232526.307:ERROR:connection_factory_impl.cc(367)] Failed to connect to MCS endpoint with error -106
